<?xml version="1.0" encoding="UTF-8"?>
<!-- Generated by org.testng.reporters.JUnitReportReporter -->
<testsuite skipped="0" hostname="Abhijeets-MacBook-Pro.local" name="com.test.smoke.HomePageTest" tests="1" failures="0" timestamp="05 Sep 2020 06:45:59 GMT" time="86.915" errors="0">
  <testcase name="test" time="86.915" classname="com.test.smoke.HomePageTest"/>
</testsuite> <!-- com.test.smoke.HomePageTest -->
